{"C:\\Nikita\\terveystaloteht\\backend\\src\\app.ts": {"path":"C:\\Nikita\\terveystaloteht\\backend\\src\\app.ts","statementMap":{"0":{"start":{"line":1,"column":0},"end":{"line":1,"column":30}},"1":{"start":{"line":2,"column":0},"end":{"line":2,"column":24}},"2":{"start":{"line":3,"column":0},"end":{"line":3,"column":44}},"3":{"start":{"line":4,"column":12},"end":{"line":4,"column":21}},"4":{"start":{"line":5,"column":13},"end":{"line":5,"column":37}},"5":{"start":{"line":7,"column":0},"end":{"line":7,"column":24}},"6":{"start":{"line":8,"column":0},"end":{"line":12,"column":2}},"7":{"start":{"line":14,"column":13},"end":{"line":14,"column":18}},"8":{"start":{"line":15,"column":13},"end":{"line":15,"column":18}},"9":{"start":{"line":16,"column":10},"end":{"line":16,"column":11}},"10":{"start":{"line":18,"column":0},"end":{"line":24,"column":3}},"11":{"start":{"line":19,"column":2},"end":{"line":23,"column":5}},"12":{"start":{"line":26,"column":0},"end":{"line":53,"column":3}},"13":{"start":{"line":26,"column":36},"end":{"line":53,"column":2}},"14":{"start":{"line":27,"column":17},"end":{"line":27,"column":33}},"15":{"start":{"line":28,"column":2},"end":{"line":51,"column":null}},"16":{"start":{"line":29,"column":16},"end":{"line":29,"column":32}},"17":{"start":{"line":31,"column":4},"end":{"line":31,"column":34}},"18":{"start":{"line":32,"column":4},"end":{"line":32,"column":20}},"19":{"start":{"line":33,"column":9},"end":{"line":51,"column":null}},"20":{"start":{"line":34,"column":15},"end":{"line":34,"column":32}},"21":{"start":{"line":35,"column":4},"end":{"line":35,"column":22}},"22":{"start":{"line":36,"column":4},"end":{"line":36,"column":39}},"23":{"start":{"line":38,"column":21},"end":{"line":40,"column":6}},"24":{"start":{"line":39,"column":6},"end":{"line":39,"column":25}},"25":{"start":{"line":42,"column":4},"end":{"line":42,"column":46}},"26":{"start":{"line":42,"column":36},"end":{"line":42,"column":41}},"27":{"start":{"line":43,"column":4},"end":{"line":43,"column":21}},"28":{"start":{"line":45,"column":4},"end":{"line":45,"column":26}},"29":{"start":{"line":46,"column":4},"end":{"line":46,"column":20}},"30":{"start":{"line":48,"column":4},"end":{"line":50,"column":7}},"31":{"start":{"line":52,"column":2},"end":{"line":52,"column":31}},"32":{"start":{"line":55,"column":0},"end":{"line":57,"column":3}},"33":{"start":{"line":56,"column":2},"end":{"line":56,"column":73}}},"fnMap":{"0":{"name":"(anonymous_8)","decl":{"start":{"line":18,"column":13},"end":{"line":18,"column":14}},"loc":{"start":{"line":18,"column":26},"end":{"line":24,"column":1}}},"1":{"name":"(anonymous_9)","decl":{"start":{"line":26,"column":17},"end":{"line":26,"column":24}},"loc":{"start":{"line":26,"column":36},"end":{"line":53,"column":2}}},"2":{"name":"(anonymous_10)","decl":{"start":{"line":26,"column":36},"end":{"line":26,"column":null}},"loc":{"start":{"line":26,"column":36},"end":{"line":53,"column":1}}},"3":{"name":"(anonymous_11)","decl":{"start":{"line":38,"column":30},"end":{"line":38,"column":31}},"loc":{"start":{"line":38,"column":38},"end":{"line":40,"column":5}}},"4":{"name":"(anonymous_12)","decl":{"start":{"line":42,"column":26},"end":{"line":42,"column":27}},"loc":{"start":{"line":42,"column":36},"end":{"line":42,"column":41}}},"5":{"name":"(anonymous_13)","decl":{"start":{"line":55,"column":17},"end":{"line":55,"column":20}},"loc":{"start":{"line":55,"column":22},"end":{"line":57,"column":1}}}},"branchMap":{"0":{"loc":{"start":{"line":5,"column":13},"end":{"line":5,"column":37}},"type":"binary-expr","locations":[{"start":{"line":5,"column":13},"end":{"line":5,"column":29}},{"start":{"line":5,"column":33},"end":{"line":5,"column":37}}]},"1":{"loc":{"start":{"line":28,"column":2},"end":{"line":51,"column":null}},"type":"if","locations":[{"start":{"line":28,"column":2},"end":{"line":51,"column":null}},{"start":{"line":33,"column":9},"end":{"line":51,"column":null}}]},"2":{"loc":{"start":{"line":33,"column":9},"end":{"line":51,"column":null}},"type":"if","locations":[{"start":{"line":33,"column":9},"end":{"line":51,"column":null}},{"start":{"line":47,"column":9},"end":{"line":51,"column":null}}]}},"s":{"0":1,"1":1,"2":1,"3":1,"4":1,"5":1,"6":1,"7":1,"8":1,"9":1,"10":1,"11":0,"12":1,"13":0,"14":0,"15":0,"16":0,"17":0,"18":0,"19":0,"20":0,"21":0,"22":0,"23":0,"24":0,"25":0,"26":0,"27":0,"28":0,"29":0,"30":0,"31":0,"32":1,"33":0},"f":{"0":0,"1":0,"2":0,"3":0,"4":0,"5":0},"b":{"0":[1,1],"1":[0,0],"2":[0,0]}}
,"C:\\Nikita\\terveystaloteht\\backend\\src\\primeCalculator.ts": {"path":"C:\\Nikita\\terveystaloteht\\backend\\src\\primeCalculator.ts","statementMap":{"0":{"start":{"line":1,"column":23},"end":{"line":6,"column":1}},"1":{"start":{"line":2,"column":2},"end":{"line":3,"column":36}},"2":{"start":{"line":2,"column":15},"end":{"line":2,"column":16}},"3":{"start":{"line":2,"column":22},"end":{"line":2,"column":36}},"4":{"start":{"line":3,"column":4},"end":{"line":3,"column":36}},"5":{"start":{"line":3,"column":23},"end":{"line":3,"column":36}},"6":{"start":{"line":4,"column":2},"end":{"line":4,"column":19}},"7":{"start":{"line":5,"column":2},"end":{"line":5,"column":17}},"8":{"start":{"line":1,"column":13},"end":{"line":1,"column":23}}},"fnMap":{"0":{"name":"(anonymous_0)","decl":{"start":{"line":1,"column":23},"end":{"line":1,"column":24}},"loc":{"start":{"line":1,"column":31},"end":{"line":6,"column":1}}}},"branchMap":{"0":{"loc":{"start":{"line":3,"column":4},"end":{"line":3,"column":36}},"type":"if","locations":[{"start":{"line":3,"column":4},"end":{"line":3,"column":36}}]}},"s":{"0":1,"1":0,"2":0,"3":0,"4":0,"5":0,"6":0,"7":0,"8":1},"f":{"0":0},"b":{"0":[0]}}
}
