TN:
SF:src\app.ts
FN:18,(anonymous_8)
FN:26,(anonymous_9)
FN:26,(anonymous_10)
FN:38,(anonymous_11)
FN:42,(anonymous_12)
FN:55,(anonymous_13)
FNF:6
FNH:0
FNDA:0,(anonymous_8)
FNDA:0,(anonymous_9)
FNDA:0,(anonymous_10)
FNDA:0,(anonymous_11)
FNDA:0,(anonymous_12)
FNDA:0,(anonymous_13)
DA:1,1
DA:2,1
DA:3,1
DA:4,1
DA:5,1
DA:7,1
DA:8,1
DA:14,1
DA:15,1
DA:16,1
DA:18,1
DA:19,0
DA:26,1
DA:27,0
DA:28,0
DA:29,0
DA:31,0
DA:32,0
DA:33,0
DA:34,0
DA:35,0
DA:36,0
DA:38,0
DA:39,0
DA:42,0
DA:43,0
DA:45,0
DA:46,0
DA:48,0
DA:52,0
DA:55,1
DA:56,0
LF:32
LH:13
BRDA:5,0,0,1
BRDA:5,0,1,1
BRDA:28,1,0,0
BRDA:28,1,1,0
BRDA:33,2,0,0
BRDA:33,2,1,0
BRF:6
BRH:2
end_of_record
TN:
SF:src\primeCalculator.ts
FN:1,(anonymous_0)
FNF:1
FNH:0
FNDA:0,(anonymous_0)
DA:1,1
DA:2,0
DA:3,0
DA:4,0
DA:5,0
LF:5
LH:1
BRDA:3,0,0,0
BRF:1
BRH:0
end_of_record
